<?xml version="1.0" encoding="UTF-8"?>
<!-- Generated by org.testng.reporters.JUnitReportReporter -->
<testsuite hostname="DESKTOP-10J2OS6" failures="0" tests="1" name="TestCases.TC_VideoGame_API" time="2.067" errors="0" timestamp="2021-07-24T07:06:44 IST" skipped="0">
  <testcase classname="TestCases.TC_VideoGame_API" name="test_addNewVideoGame" time="2.067"/>
  <system-out/>
</testsuite> <!-- TestCases.TC_VideoGame_API -->
