<?xml version="1.0" encoding="UTF-8"?>
<!-- Generated by org.testng.reporters.JUnitReportReporter -->
<testsuite hostname="DESKTOP-10J2OS6" failures="0" tests="5" name="TestCases.TC_VideoGame_API" time="2.877" errors="0" timestamp="2021-07-24T07:19:43 IST" skipped="0">
  <testcase classname="TestCases.TC_VideoGame_API" name="test_getAllVideoGames" time="1.902"/>
  <system-out/>
  <testcase classname="TestCases.TC_VideoGame_API" name="test_addNewVideoGame" time="0.403"/>
  <system-out/>
  <testcase classname="TestCases.TC_VideoGame_API" name="test_getVideoGame" time="0.485"/>
  <system-out/>
  <testcase classname="TestCases.TC_VideoGame_API" name="test_putVideoGame" time="0.062"/>
  <system-out/>
  <testcase classname="TestCases.TC_VideoGame_API" name="test_deleteVideoGame" time="0.025"/>
  <system-out/>
</testsuite> <!-- TestCases.TC_VideoGame_API -->
